<?xml version="1.0" encoding="UTF-8"?>
<testsuite name="com.devexperts.in.qatesting.LoginTest" tests="1" skipped="0" failures="0" errors="0" timestamp="2024-10-10T11:30:46" hostname="rferraz-mac" time="4.588">
  <properties/>
  <testcase name="testSuccessfulLogin()" classname="com.devexperts.in.qatesting.LoginTest" time="4.588"/>
  <system-out><![CDATA[]]></system-out>
  <system-err><![CDATA[]]></system-err>
</testsuite>
